<?xml version='1.0' encoding='UTF-8'?>
<testsuite hostname="mike-UbuntuMac" name="haslang.SyntaxAnalysisTests" tests="60" errors="0" failures="0" skipped="0" time="0.641" timestamp="2021-09-21T19:01:00">
                     <properties>
      <property name="jline.esc.timeout" value="0"/><property name="jna.platform.library.path" value="/usr/lib/x86_64-linux-gnu:/lib/x86_64-linux-gnu:/usr/lib64:/lib64:/usr/lib:/lib:/usr/lib/x86_64-linux-gnu/libfakeroot"/><property name="java.runtime.name" value="OpenJDK Runtime Environment"/><property name="sun.boot.library.path" value="/usr/lib/jvm/java-8-openjdk-amd64/jre/lib/amd64"/><property name="java.vm.version" value="25.292-b10"/><property name="java.vm.vendor" value="Private Build"/><property name="java.vendor.url" value="http://java.oracle.com/"/><property name="path.separator" value=":"/><property name="jna.loaded" value="true"/><property name="java.vm.name" value="OpenJDK 64-Bit Server VM"/><property name="file.encoding.pkg" value="sun.io"/><property name="user.country" value="AU"/><property name="sun.java.launcher" value="SUN_STANDARD"/><property name="sun.os.patch.level" value="unknown"/><property name="jna.nosys" value="true"/><property name="java.vm.specification.name" value="Java Virtual Machine Specification"/><property name="user.dir" value="/home/mike/Documents/COMP3000/comp3000-haslang-REDO"/><property name="java.runtime.version" value="1.8.0_292-8u292-b10-0ubuntu1~20.04-b10"/><property name="java.awt.graphicsenv" value="sun.awt.X11GraphicsEnvironment"/><property name="java.endorsed.dirs" value="/usr/lib/jvm/java-8-openjdk-amd64/jre/lib/endorsed"/><property name="os.arch" value="amd64"/><property name="java.io.tmpdir" value="/tmp"/><property name="line.separator" value="
"/><property name="java.vm.specification.vendor" value="Oracle Corporation"/><property name="os.name" value="Linux"/><property name="sun.jnu.encoding" value="UTF-8"/><property name="jnidispatch.path" value="/tmp/jna-3351542/jna5320553304083821139.tmp"/><property name="java.library.path" value="/usr/java/packages/lib/amd64:/usr/lib/x86_64-linux-gnu/jni:/lib/x86_64-linux-gnu:/usr/lib/x86_64-linux-gnu:/usr/lib/jni:/lib:/usr/lib"/><property name="java.specification.name" value="Java Platform API Specification"/><property name="java.class.version" value="52.0"/><property name="sun.management.compiler" value="HotSpot 64-Bit Tiered Compilers"/><property name="os.version" value="5.8.0-63-generic"/><property name="user.home" value="/home/mike"/><property name="user.timezone" value="Australia/Sydney"/><property name="java.awt.printerjob" value="sun.print.PSPrinterJob"/><property name="file.encoding" value="UTF-8"/><property name="java.specification.version" value="1.8"/><property name="java.class.path" value="/usr/share/sbt/bin/sbt-launch.jar"/><property name="user.name" value="mike"/><property name="jline.shutdownhook" value="false"/><property name="java.vm.specification.version" value="1.8"/><property name="sun.java.command" value="/usr/share/sbt/bin/sbt-launch.jar"/><property name="java.home" value="/usr/lib/jvm/java-8-openjdk-amd64/jre"/><property name="sun.arch.data.model" value="64"/><property name="user.language" value="en"/><property name="java.specification.vendor" value="Oracle Corporation"/><property name="awt.toolkit" value="sun.awt.X11.XToolkit"/><property name="java.vm.info" value="mixed mode"/><property name="java.version" value="1.8.0_292"/><property name="java.ext.dirs" value="/usr/lib/jvm/java-8-openjdk-amd64/jre/lib/ext:/usr/java/packages/lib/ext"/><property name="sun.boot.class.path" value="/usr/lib/jvm/java-8-openjdk-amd64/jre/lib/resources.jar:/usr/lib/jvm/java-8-openjdk-amd64/jre/lib/rt.jar:/usr/lib/jvm/java-8-openjdk-amd64/jre/lib/sunrsasign.jar:/usr/lib/jvm/java-8-openjdk-amd64/jre/lib/jsse.jar:/usr/lib/jvm/java-8-openjdk-amd64/jre/lib/jce.jar:/usr/lib/jvm/java-8-openjdk-amd64/jre/lib/charsets.jar:/usr/lib/jvm/java-8-openjdk-amd64/jre/lib/jfr.jar:/usr/lib/jvm/java-8-openjdk-amd64/jre/classes"/><property name="java.vendor" value="Private Build"/><property name="file.separator" value="/"/><property name="java.vendor.url.bug" value="http://bugreport.sun.com/bugreport/"/><property name="sun.io.unicode.encoding" value="UnicodeLittle"/><property name="sun.cpu.endian" value="little"/><property name="sun.desktop" value="gnome"/><property name="sun.cpu.isalist" value=""/>
    </properties>
                     <testcase classname="haslang.SyntaxAnalysisTests" name="equal expression" time="0.197">
                                                 
                                               </testcase><testcase classname="haslang.SyntaxAnalysisTests" name="less than expression" time="0.027">
                                                 
                                               </testcase><testcase classname="haslang.SyntaxAnalysisTests" name="addition expression" time="0.014">
                                                 
                                               </testcase><testcase classname="haslang.SyntaxAnalysisTests" name="subtraction expression" time="0.01">
                                                 
                                               </testcase><testcase classname="haslang.SyntaxAnalysisTests" name="multiplication expression" time="0.007">
                                                 
                                               </testcase><testcase classname="haslang.SyntaxAnalysisTests" name="division expression" time="0.006">
                                                 
                                               </testcase><testcase classname="haslang.SyntaxAnalysisTests" name="integer expression" time="0.005">
                                                 
                                               </testcase><testcase classname="haslang.SyntaxAnalysisTests" name="true expression" time="0.003">
                                                 
                                               </testcase><testcase classname="haslang.SyntaxAnalysisTests" name="false expression" time="0.004">
                                                 
                                               </testcase><testcase classname="haslang.SyntaxAnalysisTests" name="identifier expression" time="0.003">
                                                 
                                               </testcase><testcase classname="haslang.SyntaxAnalysisTests" name="parenthesized expression" time="0.013">
                                                 
                                               </testcase><testcase classname="haslang.SyntaxAnalysisTests" name="application expression 1" time="0.005">
                                                 
                                               </testcase><testcase classname="haslang.SyntaxAnalysisTests" name="expression containing an application expression" time="0.013">
                                                 
                                               </testcase><testcase classname="haslang.SyntaxAnalysisTests" name="if expression" time="0.008">
                                                 
                                               </testcase><testcase classname="haslang.SyntaxAnalysisTests" name="lambda expression" time="0.022">
                                                 
                                               </testcase><testcase classname="haslang.SyntaxAnalysisTests" name="basic type" time="0.002">
                                                 
                                               </testcase><testcase classname="haslang.SyntaxAnalysisTests" name="parsing unit type" time="0.002">
                                                 
                                               </testcase><testcase classname="haslang.SyntaxAnalysisTests" name="parsing list type" time="0.003">
                                                 
                                               </testcase><testcase classname="haslang.SyntaxAnalysisTests" name="parsing tuple type" time="0.008">
                                                 
                                               </testcase><testcase classname="haslang.SyntaxAnalysisTests" name="parsing function type" time="0.004">
                                                 
                                               </testcase><testcase classname="haslang.SyntaxAnalysisTests" name="parsing bracketted function type" time="0.005">
                                                 
                                               </testcase><testcase classname="haslang.SyntaxAnalysisTests" name="empty list" time="0.004">
                                                 
                                               </testcase><testcase classname="haslang.SyntaxAnalysisTests" name="cons expression" time="0.005">
                                                 
                                               </testcase><testcase classname="haslang.SyntaxAnalysisTests" name="list expression" time="0.01">
                                                 
                                               </testcase><testcase classname="haslang.SyntaxAnalysisTests" name="tuple expression" time="0.03">
                                                 
                                               </testcase><testcase classname="haslang.SyntaxAnalysisTests" name="underscore pattern" time="0.008">
                                                 
                                               </testcase><testcase classname="haslang.SyntaxAnalysisTests" name="literal pattern" time="0.005">
                                                 
                                               </testcase><testcase classname="haslang.SyntaxAnalysisTests" name="list pattern" time="0.004">
                                                 
                                               </testcase><testcase classname="haslang.SyntaxAnalysisTests" name="cons pattern" time="0.003">
                                                 
                                               </testcase><testcase classname="haslang.SyntaxAnalysisTests" name="tuple pattern" time="0.004">
                                                 
                                               </testcase><testcase classname="haslang.SyntaxAnalysisTests" name="simple function line" time="0.009">
                                                 
                                               </testcase><testcase classname="haslang.SyntaxAnalysisTests" name="more complicated function line" time="0.005">
                                                 
                                               </testcase><testcase classname="haslang.SyntaxAnalysisTests" name="simple variable" time="0.009">
                                                 
                                               </testcase><testcase classname="haslang.SyntaxAnalysisTests" name="function with two lines" time="0.007">
                                                 
                                               </testcase><testcase classname="haslang.SyntaxAnalysisTests" name="function with three lines" time="0.015">
                                                 
                                               </testcase><testcase classname="haslang.SyntaxAnalysisTests" name="one definition" time="0.01">
                                                 
                                               </testcase><testcase classname="haslang.SyntaxAnalysisTests" name="one definition with lambda" time="0.005">
                                                 
                                               </testcase><testcase classname="haslang.SyntaxAnalysisTests" name="two definitions" time="0.004">
                                                 
                                               </testcase><testcase classname="haslang.SyntaxAnalysisTests" name="let with one definition" time="0.011">
                                                 
                                               </testcase><testcase classname="haslang.SyntaxAnalysisTests" name="let with two definitions" time="0.006">
                                                 
                                               </testcase><testcase classname="haslang.SyntaxAnalysisTests" name="program with two definitions including lambda" time="0.009">
                                                 
                                               </testcase><testcase classname="haslang.SyntaxAnalysisTests" name="program with definitions including lambda and multiline fun" time="0.017">
                                                 
                                               </testcase><testcase classname="haslang.SyntaxAnalysisTests" name="====CUSTOM TEST CASES START HERE==== 
- tuple type(s) should be dynamic" time="0.003">
                                                 
                                               </testcase><testcase classname="haslang.SyntaxAnalysisTests" name="function with three definitions" time="0.007">
                                                 
                                               </testcase><testcase classname="haslang.SyntaxAnalysisTests" name="function with four definitions" time="0.011">
                                                 
                                               </testcase><testcase classname="haslang.SyntaxAnalysisTests" name="mixed precedence and assoc" time="0.003">
                                                 
                                               </testcase><testcase classname="haslang.SyntaxAnalysisTests" name="precedence and assoc all sub" time="0.004">
                                                 
                                               </testcase><testcase classname="haslang.SyntaxAnalysisTests" name="precedence and assoc all add" time="0.003">
                                                 
                                               </testcase><testcase classname="haslang.SyntaxAnalysisTests" name="precedence and assoc all star" time="0.003">
                                                 
                                               </testcase><testcase classname="haslang.SyntaxAnalysisTests" name="precedence and assoc all slash" time="0.003">
                                                 
                                               </testcase><testcase classname="haslang.SyntaxAnalysisTests" name="advanced precedence and assoc" time="0.003">
                                                 
                                               </testcase><testcase classname="haslang.SyntaxAnalysisTests" name="chained cons" time="0.004">
                                                 
                                               </testcase><testcase classname="haslang.SyntaxAnalysisTests" name="cons with simple arithmetic" time="0.003">
                                                 
                                               </testcase><testcase classname="haslang.SyntaxAnalysisTests" name="cons with more complex arithmetic" time="0.003">
                                                 
                                               </testcase><testcase classname="haslang.SyntaxAnalysisTests" name="lambda in a lambda" time="0.004">
                                                 
                                               </testcase><testcase classname="haslang.SyntaxAnalysisTests" name="complex if statement" time="0.01">
                                                 
                                               </testcase><testcase classname="haslang.SyntaxAnalysisTests" name="another if statement with complex statement" time="0.007">
                                                 
                                               </testcase><testcase classname="haslang.SyntaxAnalysisTests" name="length function (from assignment spec)" time="0.011">
                                                 
                                               </testcase><testcase classname="haslang.SyntaxAnalysisTests" name="statement with all operators" time="0.006">
                                                 
                                               </testcase><testcase classname="haslang.SyntaxAnalysisTests" name="cons with lists" time="0.012">
                                                 
                                               </testcase>
                     <system-out><![CDATA[]]></system-out>
                     <system-err><![CDATA[]]></system-err>
                   </testsuite>